<?xml version="1.0" encoding="UTF-8"?>
<!-- Generated by org.testng.reporters.JUnitXMLReporter -->
<testsuite ignored="0" hostname="chavi" failures="0" tests="3" name="Default test" time="13.052" errors="0" timestamp="2024-11-30T16:00:24 IST">
  <testcase classname="testcases.LoginTest" name="TC01_LoginSuccessTest" time="0.261"/>
  <testcase classname="testcases.LoginTest" name="TC02_LoginFailureTest" time="0.339"/>
  <testcase classname="testcases.LoginTest" name="TC03_LockedUserTest" time="0.345"/>
</testsuite> <!-- Default test -->
