<?xml version="1.0" encoding="UTF-8"?>
<testng-results ignored="0" total="3" passed="3" failed="0" skipped="0">
  <reporter-output>
  </reporter-output>
  <suite started-at="2024-11-30T16:00:11 IST" name="Default suite" finished-at="2024-11-30T16:00:24 IST" duration-ms="13052">
    <groups>
    </groups>
    <test started-at="2024-11-30T16:00:11 IST" name="Default test" finished-at="2024-11-30T16:00:24 IST" duration-ms="13052">
      <class name="testcases.LoginTest">
        <test-method is-config="true" signature="SetUpDriver()[pri:0, instance:testcases.LoginTest@3012646b]" started-at="2024-11-30T16:00:11 IST" name="SetUpDriver" finished-at="2024-11-30T16:00:16 IST" duration-ms="4622" status="PASS">
          <reporter-output>
          </reporter-output>
        </test-method> <!-- SetUpDriver -->
        <test-method signature="TC01_LoginSuccessTest()[pri:0, instance:testcases.LoginTest@3012646b]" started-at="2024-11-30T16:00:16 IST" name="TC01_LoginSuccessTest" finished-at="2024-11-30T16:00:16 IST" duration-ms="261" status="PASS">
          <reporter-output>
          </reporter-output>
        </test-method> <!-- TC01_LoginSuccessTest -->
        <test-method is-config="true" signature="TearDown()[pri:0, instance:testcases.LoginTest@3012646b]" started-at="2024-11-30T16:00:16 IST" name="TearDown" finished-at="2024-11-30T16:00:17 IST" duration-ms="804" status="PASS">
          <reporter-output>
          </reporter-output>
        </test-method> <!-- TearDown -->
        <test-method is-config="true" signature="SetUpDriver()[pri:0, instance:testcases.LoginTest@3012646b]" started-at="2024-11-30T16:00:17 IST" name="SetUpDriver" finished-at="2024-11-30T16:00:20 IST" duration-ms="2701" status="PASS">
          <reporter-output>
          </reporter-output>
        </test-method> <!-- SetUpDriver -->
        <test-method signature="TC02_LoginFailureTest()[pri:0, instance:testcases.LoginTest@3012646b]" started-at="2024-11-30T16:00:20 IST" name="TC02_LoginFailureTest" finished-at="2024-11-30T16:00:20 IST" duration-ms="339" status="PASS">
          <reporter-output>
          </reporter-output>
        </test-method> <!-- TC02_LoginFailureTest -->
        <test-method is-config="true" signature="TearDown()[pri:0, instance:testcases.LoginTest@3012646b]" started-at="2024-11-30T16:00:20 IST" name="TearDown" finished-at="2024-11-30T16:00:21 IST" duration-ms="660" status="PASS">
          <reporter-output>
          </reporter-output>
        </test-method> <!-- TearDown -->
        <test-method is-config="true" signature="SetUpDriver()[pri:0, instance:testcases.LoginTest@3012646b]" started-at="2024-11-30T16:00:21 IST" name="SetUpDriver" finished-at="2024-11-30T16:00:23 IST" duration-ms="2543" status="PASS">
          <reporter-output>
          </reporter-output>
        </test-method> <!-- SetUpDriver -->
        <test-method signature="TC03_LockedUserTest()[pri:0, instance:testcases.LoginTest@3012646b]" started-at="2024-11-30T16:00:23 IST" name="TC03_LockedUserTest" finished-at="2024-11-30T16:00:24 IST" duration-ms="345" status="PASS">
          <reporter-output>
          </reporter-output>
        </test-method> <!-- TC03_LockedUserTest -->
        <test-method is-config="true" signature="TearDown()[pri:0, instance:testcases.LoginTest@3012646b]" started-at="2024-11-30T16:00:24 IST" name="TearDown" finished-at="2024-11-30T16:00:24 IST" duration-ms="543" status="PASS">
          <reporter-output>
          </reporter-output>
        </test-method> <!-- TearDown -->
      </class> <!-- testcases.LoginTest -->
    </test> <!-- Default test -->
  </suite> <!-- Default suite -->
</testng-results>
